<?xml version="1.0" encoding="utf-8"?><testsuites name="pytest tests"><testsuite name="pytest" errors="0" failures="2" skipped="0" tests="10" time="13.297" timestamp="2026-03-26T15:24:25.466363+00:00" hostname="agent-env-df29518f-15a5-4655-8a48-9a3dda9644b1"><testcase classname="backend.tests.test_phase_aware_analysis_requirements" name="test_manual_before_only_does_not_trigger_awareness_comparison" time="0.820" /><testcase classname="backend.tests.test_phase_aware_analysis_requirements" name="test_manual_after_only_does_not_trigger_awareness_comparison" time="0.698" /><testcase classname="backend.tests.test_phase_aware_analysis_requirements" name="test_manual_both_phases_explicitly_compares_before_vs_after" time="0.730" /><testcase classname="backend.tests.test_phase_aware_analysis_requirements" name="test_admin_default_login_works" time="0.628" /><testcase classname="backend.tests.test_platform_core_flows" name="test_user_register_login_and_me" time="1.190" /><testcase classname="backend.tests.test_platform_core_flows" name="test_manual_analysis_single_issue_multi_area_focus" time="1.204"><failure message="AssertionError: assert 'Distribution by Area' in 'Before vs After Awareness (Pie)'">backend/tests/test_platform_core_flows.py:84: in test_manual_analysis_single_issue_multi_area_focus
    assert "Distribution by Area" in data["chart_data"]["pie_title"]
E   AssertionError: assert 'Distribution by Area' in 'Before vs After Awareness (Pie)'</failure></testcase><testcase classname="backend.tests.test_platform_core_flows" name="test_manual_analysis_single_area_multi_issue_focus" time="1.920"><failure message="AssertionError: assert 'Issue Breakdown' in 'Before vs After Awareness (Pie)'">backend/tests/test_platform_core_flows.py:104: in test_manual_analysis_single_area_multi_issue_focus
    assert "Issue Breakdown" in data["chart_data"]["pie_title"]
E   AssertionError: assert 'Issue Breakdown' in 'Before vs After Awareness (Pie)'</failure></testcase><testcase classname="backend.tests.test_platform_core_flows" name="test_file_upload_accepts_csv_and_rejects_pdf" time="2.203" /><testcase classname="backend.tests.test_platform_core_flows" name="test_admin_default_login_and_dashboard_access" time="0.678" /><testcase classname="backend.tests.test_platform_core_flows" name="test_analysis_history_isolation_between_users" time="2.458" /></testsuite></testsuites>