<?xml version="1.0" encoding="utf-8"?><testsuites name="pytest tests"><testsuite name="pytest" errors="0" failures="1" skipped="0" tests="8" time="8.524" timestamp="2026-03-27T18:55:35.939254+00:00" hostname="agent-env-df29518f-15a5-4655-8a48-9a3dda9644b1"><testcase classname="backend.tests.test_text_phase_aware_regression" name="test_text_before_heading_is_before_only_and_no_after_assumption" time="1.115" /><testcase classname="backend.tests.test_text_phase_aware_regression" name="test_text_after_heading_is_after_only_and_no_before_assumption" time="1.092" /><testcase classname="backend.tests.test_text_phase_aware_regression" name="test_text_both_phases_matching_area_issue_enables_comparison" time="1.715" /><testcase classname="backend.tests.test_text_phase_aware_regression" name="test_text_both_phases_without_matching_pairs_has_no_forced_comparison" time="0.823" /><testcase classname="backend.tests.test_text_phase_aware_regression" name="test_text_both_phases_same_areas_but_different_issues_still_no_comparison" time="0.696"><failure message="assert True is False">backend/tests/test_text_phase_aware_regression.py:145: in test_text_both_phases_same_areas_but_different_issues_still_no_comparison
    assert data["chart_data"]["has_awareness_data"] is False
E   assert True is False</failure></testcase><testcase classname="backend.tests.test_text_phase_aware_regression" name="test_text_one_issue_many_areas_stays_area_wise" time="0.922" /><testcase classname="backend.tests.test_text_phase_aware_regression" name="test_manual_both_phases_without_matching_pairs_has_no_comparison" time="0.674" /><testcase classname="backend.tests.test_text_phase_aware_regression" name="test_file_both_phases_without_matching_pairs_has_no_comparison" time="1.009" /></testsuite></testsuites>